[debug] [2022-05-01T03:21:48.876Z] ----------------------------------------------------------------------
[debug] [2022-05-01T03:21:48.880Z] Command:       C:\Program Files\nodejs\node.exe C:\Users\Santhosh\AppData\Roaming\npm\node_modules\firebase-tools\lib\bin\firebase.js emulators:start
[debug] [2022-05-01T03:21:48.881Z] CLI Version:   10.6.0
[debug] [2022-05-01T03:21:48.881Z] Platform:      win32
[debug] [2022-05-01T03:21:48.882Z] Node Version:  v16.14.2
[debug] [2022-05-01T03:21:48.889Z] Time:          Sun May 01 2022 08:51:48 GMT+0530 (India Standard Time)
[debug] [2022-05-01T03:21:48.889Z] ----------------------------------------------------------------------
[debug] 
[debug] [2022-05-01T03:21:48.980Z] > command requires scopes: ["email","openid","https://www.googleapis.com/auth/cloudplatformprojects.readonly","https://www.googleapis.com/auth/firebase","https://www.googleapis.com/auth/cloud-platform"]
[debug] [2022-05-01T03:21:48.980Z] > authorizing via signed-in user (thoomatti.santhosh.w@gmail.com)
[info] i  emulators: Starting emulators: functions, hosting {"metadata":{"emulator":{"name":"hub"},"message":"Starting emulators: functions, hosting"}}
[warn] !  emulators: It seems that you are running multiple instances of the emulator suite for project amazn-clone-santhosh. This may result in unexpected behavior. 
[debug] [2022-05-01T03:21:49.015Z] [hub] writing locator at C:\Users\Santhosh\AppData\Local\Temp\hub-amazn-clone-santhosh.json
[warn] !  functions: The following emulators are not running, calls to these services from the Functions emulator will affect production: auth, firestore, database, pubsub, storage {"metadata":{"emulator":{"name":"functions"},"message":"The following emulators are not running, calls to these services from the Functions emulator will affect production: \u001b[1mauth, firestore, database, pubsub, storage\u001b[22m"}}
[info] +  functions: Using node@16 from host. {"metadata":{"emulator":{"name":"functions"},"message":"Using node@16 from host."}}
[debug] [2022-05-01T03:21:49.081Z] defaultcredentials: writing to file C:\Users\Santhosh\AppData\Roaming\firebase\thoomatti_santhosh.w_gmail.com_application_default_credentials.json
[debug] [2022-05-01T03:21:49.085Z] Setting GAC to C:\Users\Santhosh\AppData\Roaming\firebase\thoomatti_santhosh.w_gmail.com_application_default_credentials.json {"metadata":{"emulator":{"name":"functions"},"message":"Setting GAC to C:\\Users\\Santhosh\\AppData\\Roaming\\firebase\\thoomatti_santhosh.w_gmail.com_application_default_credentials.json"}}
[debug] [2022-05-01T03:21:49.089Z] > refreshing access token with scopes: []
[debug] [2022-05-01T03:21:49.091Z] >>> HTTP REQUEST POST https://www.googleapis.com/oauth2/v3/token  
 <request body omitted>
[debug] [2022-05-01T03:21:49.254Z] <<< HTTP RESPONSE 200 {"cache-control":"no-cache, no-store, max-age=0, must-revalidate","date":"Sun, 01 May 2022 03:21:49 GMT","pragma":"no-cache","expires":"Mon, 01 Jan 1990 00:00:00 GMT","content-type":"application/json; charset=utf-8","vary":"X-Origin, Referer, Origin,Accept-Encoding","server":"scaffolding on HTTPServer2","x-xss-protection":"0","x-frame-options":"SAMEORIGIN","x-content-type-options":"nosniff","alt-svc":"h3=\":443\"; ma=2592000,h3-29=\":443\"; ma=2592000,h3-Q050=\":443\"; ma=2592000,h3-Q046=\":443\"; ma=2592000,h3-Q043=\":443\"; ma=2592000,quic=\":443\"; ma=2592000; v=\"46,43\"","accept-ranges":"none","transfer-encoding":"chunked"}
[debug] [2022-05-01T03:21:49.284Z] >>> [apiv2][query] GET https://firebase.googleapis.com/v1beta1/projects/amazn-clone-santhosh/adminSdkConfig [none]
[debug] [2022-05-01T03:21:49.962Z] <<< [apiv2][status] GET https://firebase.googleapis.com/v1beta1/projects/amazn-clone-santhosh/adminSdkConfig 200
[debug] [2022-05-01T03:21:49.962Z] <<< [apiv2][body] GET https://firebase.googleapis.com/v1beta1/projects/amazn-clone-santhosh/adminSdkConfig {"projectId":"amazn-clone-santhosh","storageBucket":"amazn-clone-santhosh.appspot.com","locationId":"asia-south1"}
[debug] [2022-05-01T03:21:49.984Z] >>> [apiv2][query] GET https://firebasehosting.googleapis.com/v1beta1/projects/amazn-clone-santhosh/sites 
[debug] [2022-05-01T03:21:51.689Z] <<< [apiv2][status] GET https://firebasehosting.googleapis.com/v1beta1/projects/amazn-clone-santhosh/sites 200
[debug] [2022-05-01T03:21:51.689Z] <<< [apiv2][body] GET https://firebasehosting.googleapis.com/v1beta1/projects/amazn-clone-santhosh/sites {"sites":[{"name":"projects/amazn-clone-santhosh/sites/amazn-clone-santhosh","defaultUrl":"https://amazn-clone-santhosh.web.app","appId":"1:14929816413:web:1b0321201b6eed6c07d6b4","type":"DEFAULT_SITE"}]}
[debug] [2022-05-01T03:21:51.689Z] >>> [apiv2][query] GET https://firebase.googleapis.com/v1beta1/projects/amazn-clone-santhosh/webApps/1:14929816413:web:1b0321201b6eed6c07d6b4/config [none]
[debug] [2022-05-01T03:21:53.246Z] <<< [apiv2][status] GET https://firebase.googleapis.com/v1beta1/projects/amazn-clone-santhosh/webApps/1:14929816413:web:1b0321201b6eed6c07d6b4/config 200
[debug] [2022-05-01T03:21:53.247Z] <<< [apiv2][body] GET https://firebase.googleapis.com/v1beta1/projects/amazn-clone-santhosh/webApps/1:14929816413:web:1b0321201b6eed6c07d6b4/config {"projectId":"amazn-clone-santhosh","appId":"1:14929816413:web:1b0321201b6eed6c07d6b4","storageBucket":"amazn-clone-santhosh.appspot.com","locationId":"asia-south1","apiKey":"AIzaSyAVQl9HL4AdYNA-orCCNPHrdXC42YP8gbs","authDomain":"amazn-clone-santhosh.firebaseapp.com","messagingSenderId":"14929816413"}
[info] i  hosting: Serving hosting files from: build {"metadata":{"emulator":{"name":"hosting"},"message":"Serving hosting files from: \u001b[1mbuild\u001b[22m"}}
[info] +  hosting: Local server: http://localhost:5000 {"metadata":{"emulator":{"name":"hosting"},"message":"Local server: \u001b[4m\u001b[1mhttp://localhost:5000\u001b[22m\u001b[24m"}}
[debug] [2022-05-01T03:21:53.283Z] Ignoring unsupported arg: auto_download {"metadata":{"emulator":{"name":"ui"},"message":"Ignoring unsupported arg: auto_download"}}
[debug] [2022-05-01T03:21:53.283Z] Ignoring unsupported arg: port {"metadata":{"emulator":{"name":"ui"},"message":"Ignoring unsupported arg: port"}}
[debug] [2022-05-01T03:21:53.283Z] Starting Emulator UI with command {"binary":"node","args":["C:\\Users\\Santhosh\\.cache\\firebase\\emulators\\ui-v1.6.5\\server.bundle.js"],"optionalArgs":[],"joinArgs":false} {"metadata":{"emulator":{"name":"ui"},"message":"Starting Emulator UI with command {\"binary\":\"node\",\"args\":[\"C:\\\\Users\\\\Santhosh\\\\.cache\\\\firebase\\\\emulators\\\\ui-v1.6.5\\\\server.bundle.js\"],\"optionalArgs\":[],\"joinArgs\":false}"}}
[info] i  ui: Emulator UI logging to ui-debug.log {"metadata":{"emulator":{"name":"ui"},"message":"Emulator UI logging to \u001b[1mui-debug.log\u001b[22m"}}
[debug] [2022-05-01T03:21:53.430Z] Web / API server started at localhost:4000
 {"metadata":{"emulator":{"name":"ui"},"message":"Web / API server started at localhost:4000\n"}}
[info] i  functions: Watching "F:\Projects\amazon-clone\functions" for Cloud Functions... {"metadata":{"emulator":{"name":"functions"},"message":"Watching \"F:\\Projects\\amazon-clone\\functions\" for Cloud Functions..."}}
[debug] [2022-05-01T03:21:53.562Z] Validating nodejs source
[debug] [2022-05-01T03:21:58.058Z] > [functions] package.json contents: {
  "name": "functions",
  "description": "Cloud Functions for Firebase",
  "scripts": {
    "lint": "eslint .",
    "serve": "firebase emulators:start --only functions",
    "shell": "firebase functions:shell",
    "start": "npm run shell",
    "deploy": "firebase deploy --only functions",
    "logs": "firebase functions:log"
  },
  "engines": {
    "node": "16"
  },
  "main": "index.js",
  "dependencies": {
    "cors": "^2.8.5",
    "express": "^4.17.3",
    "firebase-admin": "^10.0.2",
    "firebase-functions": "^3.18.0",
    "stripe": "^8.218.0"
  },
  "devDependencies": {
    "babel-eslint": "^10.1.0",
    "eslint": "^8.13.0",
    "eslint-config-google": "^0.14.0",
    "firebase-functions-test": "^0.2.0"
  },
  "private": true
}
[debug] [2022-05-01T03:21:58.058Z] Building nodejs source
[debug] [2022-05-01T03:21:58.059Z] Analyzing nodejs backend spec
[info] +  functions[us-central1-api]: http function initialized (http://localhost:5001/amazn-clone-santhosh/us-central1/api). {"metadata":{"emulator":{"name":"functions"},"message":"\u001b[1mhttp\u001b[22m function initialized (http://localhost:5001/amazn-clone-santhosh/us-central1/api)."}}
[info] 
┌─────────────────────────────────────────────────────────────┐
│ ✔  All emulators ready! It is now safe to connect your app. │
│ i  View Emulator UI at http://localhost:4000                │
└─────────────────────────────────────────────────────────────┘

┌───────────┬────────────────┬─────────────────────────────────┐
│ Emulator  │ Host:Port      │ View in Emulator UI             │
├───────────┼────────────────┼─────────────────────────────────┤
│ Functions │ localhost:5001 │ http://localhost:4000/functions │
├───────────┼────────────────┼─────────────────────────────────┤
│ Hosting   │ localhost:5000 │ n/a                             │
└───────────┴────────────────┴─────────────────────────────────┘
  Emulator Hub running at localhost:4400
  Other reserved ports: 4500

Issues? Report them at https://github.com/firebase/firebase-tools/issues and attach the *-debug.log files.
 
